<?xml version="1.0" encoding="UTF-8"?>
<testng-results ignored="0" total="2" passed="2" failed="0" skipped="0">
  <reporter-output>
  </reporter-output>
  <suite started-at="2025-05-15T19:26:25 IST" name="SauceDemoTestSuite" finished-at="2025-05-15T19:26:31 IST" duration-ms="5647">
    <groups>
    </groups>
    <test started-at="2025-05-15T19:26:25 IST" name="LoginTests" finished-at="2025-05-15T19:26:31 IST" duration-ms="5647">
      <class name="tests.LoginTest">
        <test-method is-config="true" signature="setUp()[pri:0, instance:tests.LoginTest@815b41f]" started-at="2025-05-15T19:26:26 IST" name="setUp" finished-at="2025-05-15T19:26:28 IST" duration-ms="2238" status="PASS">
          <reporter-output>
          </reporter-output>
        </test-method> <!-- setUp -->
        <test-method signature="testLogin(java.util.Map)[pri:0, instance:tests.LoginTest@815b41f]" started-at="2025-05-15T19:26:28 IST" name="testLogin" data-provider="LoginData" finished-at="2025-05-15T19:26:28 IST" duration-ms="371" status="PASS">
          <params>
            <param index="0">
              <value>
                <![CDATA[{expectedResult=Swag Labs, password=secret_sauce, username=standard_user}]]>
              </value>
            </param>
          </params>
          <reporter-output>
          </reporter-output>
        </test-method> <!-- testLogin -->
        <test-method is-config="true" signature="tearDown()[pri:0, instance:tests.LoginTest@815b41f]" started-at="2025-05-15T19:26:28 IST" name="tearDown" finished-at="2025-05-15T19:26:29 IST" duration-ms="178" status="PASS">
          <reporter-output>
          </reporter-output>
        </test-method> <!-- tearDown -->
        <test-method is-config="true" signature="setUp()[pri:0, instance:tests.LoginTest@815b41f]" started-at="2025-05-15T19:26:29 IST" name="setUp" finished-at="2025-05-15T19:26:30 IST" duration-ms="1260" status="PASS">
          <reporter-output>
          </reporter-output>
        </test-method> <!-- setUp -->
        <test-method signature="testLogin(java.util.Map)[pri:0, instance:tests.LoginTest@815b41f]" started-at="2025-05-15T19:26:30 IST" name="testLogin" data-provider="LoginData" finished-at="2025-05-15T19:26:31 IST" duration-ms="711" status="PASS">
          <params>
            <param index="0">
              <value>
                <![CDATA[{expectedResult=Epic sadface: Sorry, this user has been locked out., password=secret_sauce, username=locked_out_user}]]>
              </value>
            </param>
          </params>
          <reporter-output>
          </reporter-output>
        </test-method> <!-- testLogin -->
        <test-method is-config="true" signature="tearDown()[pri:0, instance:tests.LoginTest@815b41f]" started-at="2025-05-15T19:26:31 IST" name="tearDown" finished-at="2025-05-15T19:26:31 IST" duration-ms="165" status="PASS">
          <reporter-output>
          </reporter-output>
        </test-method> <!-- tearDown -->
      </class> <!-- tests.LoginTest -->
    </test> <!-- LoginTests -->
  </suite> <!-- SauceDemoTestSuite -->
</testng-results>
